<?xml version="1.0" encoding="UTF-8"?>
<!-- Generated by org.testng.reporters.JUnitReportReporter -->
<testsuite hostname="VARSHA" name="TestRunner.runner" tests="1" failures="0" timestamp="9 Sep 2020 18:45:52 GMT" time="47.751" errors="0">
  <testcase name="feature" time="47.751" classname="TestRunner.runner"/>
</testsuite> <!-- TestRunner.runner -->
